<?xml version="1.0" encoding="UTF-8"?><testsuite errors="0" failures="1" name="Search package" skipped="0" tests="1" time="41.38" timestamp="2021-03-29 04:55:46"><testcase name="Search for a package with departure Medellin and destination Santa Marta with"><failure message="Expected enabled element was not enabled" type="net.thucydides.core.webdriver.exceptions.ElementShouldBeEnabledException">Expected enabled element was not enabled</failure><system-err>Expected enabled element was not enabled&#13;
com.despegar.screenplay.tasks.ConfirmTrip.performAs(ConfirmTrip.java:15)&#13;
com.despegar.screenplay.stepdefinitions.SearchPackageStepDefinitions.searchPackage(SearchPackageStepDefinitions.java:37)&#13;
cucumber.runner.Runner.runPickle(Runner.java:80)&#13;
</system-err></testcase></testsuite>